[debug] [2022-06-26T15:25:10.528Z] ----------------------------------------------------------------------
[debug] [2022-06-26T15:25:10.533Z] Command:       C:\Program Files\nodejs\node.exe C:\Users\sam_gowda\AppData\Roaming\npm\node_modules\firebase-tools\lib\bin\firebase.js init
[debug] [2022-06-26T15:25:10.533Z] CLI Version:   11.1.0
[debug] [2022-06-26T15:25:10.534Z] Platform:      win32
[debug] [2022-06-26T15:25:10.534Z] Node Version:  v16.14.2
[debug] [2022-06-26T15:25:10.537Z] Time:          Sun Jun 26 2022 20:55:10 GMT+0530 (India Standard Time)
[debug] [2022-06-26T15:25:10.538Z] ----------------------------------------------------------------------
[debug] 
[debug] [2022-06-26T15:25:10.557Z] > command requires scopes: ["email","openid","https://www.googleapis.com/auth/cloudplatformprojects.readonly","https://www.googleapis.com/auth/firebase","https://www.googleapis.com/auth/cloud-platform"]
[debug] [2022-06-26T15:25:10.558Z] > authorizing via signed-in user (sampathtg01@gmail.com)
[info] 
     ######## #### ########  ######## ########     ###     ######  ########
     ##        ##  ##     ## ##       ##     ##  ##   ##  ##       ##
     ######    ##  ########  ######   ########  #########  ######  ######
     ##        ##  ##    ##  ##       ##     ## ##     ##       ## ##
     ##       #### ##     ## ######## ########  ##     ##  ######  ########

You're about to initialize a Firebase project in this directory:

  C:\Users\sam_gowda\Desktop\Watchflix\my-watchflix

[info] 
=== Project Setup
[info] 
[info] First, let's associate this project directory with a Firebase project.
[info] You can create multiple project aliases by running firebase use --add, 
[info] but for now we'll just set up a default project.
[info] 
[debug] [2022-06-26T15:25:50.087Z] >>> [apiv2][query] GET https://firebase.googleapis.com/v1beta1/projects pageSize=100
[debug] [2022-06-26T15:25:51.068Z] <<< [apiv2][status] GET https://firebase.googleapis.com/v1beta1/projects 200
[debug] [2022-06-26T15:25:51.069Z] <<< [apiv2][body] GET https://firebase.googleapis.com/v1beta1/projects [omitted]
[info] i  Using project netflix-clone-c0324 (Netflix clone) 
[info] 
=== Hosting Setup
[info] 
[info] Your public directory is the folder (relative to your project directory) that
[info] will contain Hosting assets to be uploaded with firebase deploy. If you
[info] have a build process for your assets, use your build's output directory.
[info] 
[debug] [2022-06-26T15:27:13.097Z] >>> [apiv2][query] GET https://www.gstatic.com/firebasejs/releases.json [none]
[debug] [2022-06-26T15:27:13.197Z] <<< [apiv2][status] GET https://www.gstatic.com/firebasejs/releases.json 200
[debug] [2022-06-26T15:27:13.198Z] <<< [apiv2][body] GET https://www.gstatic.com/firebasejs/releases.json {"current":{"version":"9.8.4","browserURL":"https://www.gstatic.com/firebasejs/9.8.4/firebase.js","packageURL":"https://www.gstatic.com/firebasejs/9.8.4/firebase.tgz"},"live":{"version":"9.8","browserURL":"https://www.gstatic.com/firebasejs/live/9.8/firebase.js","packageURL":"https://www.gstatic.com/firebasejs/live/9.8/firebase.tgz"},"components":{"analytics":"https://www.gstatic.com/firebasejs/9.8.4/firebase-analytics.js","app":"https://www.gstatic.com/firebasejs/9.8.4/firebase-app.js","app-check":"https://www.gstatic.com/firebasejs/9.8.4/firebase-app-check.js","auth":"https://www.gstatic.com/firebasejs/9.8.4/firebase-auth.js","auth/cordova":"https://www.gstatic.com/firebasejs/9.8.4/firebase-auth/cordova.js","auth/react-native":"https://www.gstatic.com/firebasejs/9.8.4/firebase-auth/react-native.js","functions":"https://www.gstatic.com/firebasejs/9.8.4/firebase-functions.js","firestore":"https://www.gstatic.com/firebasejs/9.8.4/firebase-firestore.js","firestore/lite":"https://www.gstatic.com/firebasejs/9.8.4/firebase-firestore/lite.js","storage":"https://www.gstatic.com/firebasejs/9.8.4/firebase-storage.js","performance":"https://www.gstatic.com/firebasejs/9.8.4/firebase-performance.js","remote-config":"https://www.gstatic.com/firebasejs/9.8.4/firebase-remote-config.js","messaging":"https://www.gstatic.com/firebasejs/9.8.4/firebase-messaging.js","messaging/sw":"https://www.gstatic.com/firebasejs/9.8.4/firebase-messaging/sw.js","database":"https://www.gstatic.com/firebasejs/9.8.4/firebase-database.js","firestore.memory":"https://www.gstatic.com/firebasejs/9.8.4/firebase-firestore.memory.js"}}
[info] +  Wrote build/index.html 
[info] 
[info] i  Didn't detect a .git folder. Assuming C:\Users\sam_gowda\Desktop\Watchflix\my-watchflix is the project root. 
[info] i  Authorizing with GitHub to upload your service account to a GitHub repository's secrets store. 
[info] 
[info] Visit this URL on this device to log in:
[info] https://github.com/login/oauth/authorize?client_id=89cf50f02ac6aaed3484&state=624181250&redirect_uri=http%3A%2F%2Flocalhost%3A9005&scope=read%3Auser%20repo%20public_repo
[info] 
[info] Waiting for authentication...
[debug] [2022-06-26T15:30:29.837Z] >>> [apiv2][query] POST https://github.com/login/oauth/access_token [none]
[debug] [2022-06-26T15:30:29.837Z] >>> [apiv2][body] POST https://github.com/login/oauth/access_token [stream]
[debug] [2022-06-26T15:30:30.231Z] <<< [apiv2][status] POST https://github.com/login/oauth/access_token 200
[debug] [2022-06-26T15:30:30.232Z] <<< [apiv2][body] POST https://github.com/login/oauth/access_token {"access_token":"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","token_type":"bearer","scope":"read:user,repo"}
[debug] [2022-06-26T15:30:30.257Z] >>> [apiv2][query] GET https://api.github.com/user [none]
[debug] [2022-06-26T15:30:30.664Z] <<< [apiv2][status] GET https://api.github.com/user 200
[debug] [2022-06-26T15:30:30.665Z] <<< [apiv2][body] GET https://api.github.com/user {"login":"samgowda97","id":108230032,"node_id":"U_kgDOBnN1kA","avatar_url":"https://avatars.githubusercontent.com/u/108230032?v=4","gravatar_id":"","url":"https://api.github.com/users/samgowda97","html_url":"https://github.com/samgowda97","followers_url":"https://api.github.com/users/samgowda97/followers","following_url":"https://api.github.com/users/samgowda97/following{/other_user}","gists_url":"https://api.github.com/users/samgowda97/gists{/gist_id}","starred_url":"https://api.github.com/users/samgowda97/starred{/owner}{/repo}","subscriptions_url":"https://api.github.com/users/samgowda97/subscriptions","organizations_url":"https://api.github.com/users/samgowda97/orgs","repos_url":"https://api.github.com/users/samgowda97/repos","events_url":"https://api.github.com/users/samgowda97/events{/privacy}","received_events_url":"https://api.github.com/users/samgowda97/received_events","type":"User","site_admin":false,"name":null,"company":null,"blog":"","location":null,"email":null,"hireable":null,"bio":null,"twitter_username":null,"public_repos":0,"public_gists":0,"followers":0,"following":0,"created_at":"2022-06-26T15:29:30Z","updated_at":"2022-06-26T15:29:30Z","private_gists":0,"total_private_repos":0,"owned_private_repos":0,"disk_usage":0,"collaborators":0,"two_factor_authentication":false,"plan":{"name":"free","space":976562499,"collaborators":0,"private_repos":10000}}
[info] 
[info] +  Success! Logged into GitHub as samgowda97 
[info] 
[debug] [2022-06-26T15:45:44.176Z] >>> [apiv2][query] GET https://api.github.com/repos/firebase deploy/actions/secrets/public-key type=owner
[debug] [2022-06-26T15:45:44.560Z] <<< [apiv2][status] GET https://api.github.com/repos/firebase deploy/actions/secrets/public-key 404
[debug] [2022-06-26T15:45:44.561Z] <<< [apiv2][body] GET https://api.github.com/repos/firebase deploy/actions/secrets/public-key {"message":"Not Found","documentation_url":"https://docs.github.com/rest"}
[debug] [2022-06-26T15:45:54.000Z] >>> [apiv2][query] GET https://api.github.com/repos/firebase deploy/actions/secrets/public-key type=owner
[debug] [2022-06-26T15:45:54.315Z] <<< [apiv2][status] GET https://api.github.com/repos/firebase deploy/actions/secrets/public-key 404
[debug] [2022-06-26T15:45:54.315Z] <<< [apiv2][body] GET https://api.github.com/repos/firebase deploy/actions/secrets/public-key {"message":"Not Found","documentation_url":"https://docs.github.com/rest"}
[debug] [2022-06-27T03:14:02.697Z] Error: kill ENOSYS
    at process.kill (node:internal/process/per_thread:220:13)
    at process.listener (C:\Users\sam_gowda\AppData\Roaming\npm\node_modules\firebase-tools\node_modules\signal-exit\index.js:95:15)
    at process.emit (node:events:526:28)
[error] 
[error] Error: An unexpected error has occurred.
